<?xml version="1.0" encoding="UTF-8"?>
<!-- Generated by org.testng.reporters.JUnitXMLReporter -->
<testsuite ignored="0" hostname="Alekh" failures="0" tests="8" name="LoginFunction" time="52.979" errors="0" timestamp="2024-03-14T16:01:18 IST">
  <testcase classname="com.affnetz.qa.test.Logintest" name="checkLoginPage" time="0.044"/>
  <testcase classname="com.affnetz.qa.test.Logintest" name="doLoginWithValidCradential" time="12.694"/>
  <testcase classname="com.affnetz.qa.test.Logintest" name="dologout" time="4.185"/>
  <testcase classname="com.affnetz.qa.test.Logintest" name="doLoginWithInvalidCradentilas" time="5.881"/>
  <testcase classname="com.affnetz.qa.test.Logintest" name="doLoginWithInvalidCradentilas" time="5.693"/>
  <testcase classname="com.affnetz.qa.test.Logintest" name="doLoginWithInvalidCradentilas" time="0.507"/>
  <testcase classname="com.affnetz.qa.test.Logintest" name="doLoginWithInvalidCradentilas" time="0.555"/>
  <testcase classname="com.affnetz.qa.test.Logintest" name="doLoginWithInvalidCradentilas" time="0.462"/>
</testsuite> <!-- LoginFunction -->
