<?xml version="1.0" encoding="UTF-8"?>
<!-- Generated by org.testng.reporters.JUnitXMLReporter -->
<testsuite ignored="9" hostname="Alekh" failures="1" tests="8" name="Public Donation" time="81.833" errors="0" timestamp="2024-03-18T15:52:15 IST">
  <testcase classname="com.affnetz.qa.test.PublicDonationTest_T1" name="launchBrowser" time="22.553"/>
  <testcase classname="com.affnetz.qa.test.PublicDonationTest_T1" name="isDonationPage" time="0.106"/>
  <testcase classname="com.affnetz.qa.test.PublicDonationTest_T1" name="fillAllDonorDetails" time="6.203"/>
  <testcase classname="com.affnetz.qa.test.PublicDonationTest_T1" name="setCardDetils" time="0.746"/>
  <testcase classname="com.affnetz.qa.test.PublicDonationTest_T1" name="submitAllDetails" time="2.446"/>
  <testcase classname="com.affnetz.qa.test.PublicDonationTest_T1" name="isDonationDone" time="10.794"/>
  <testcase classname="com.affnetz.qa.test.PublicDonationTest_T1" name="isReciptDownload" time="2.845">
    <failure type="java.lang.NullPointerException" message="Cannot invoke &amp;quot;org.testng.ITestResult.getMethod()&amp;quot; because &amp;quot;result&amp;quot; is null">
      <![CDATA[java.lang.NullPointerException: Cannot invoke "org.testng.ITestResult.getMethod()" because "result" is null
at com.affnetz.qa.factory.Listener_T1.onTestSuccess(Listener_T1.java:80)
at com.affnetz.qa.test.PublicDonationTest_T1.isReciptDownload(PublicDonationTest_T1.java:106)
at java.base/java.util.ArrayList.forEach(ArrayList.java:1511)
... Removed 27 stack frames]]>
    </failure>
  </testcase> <!-- isReciptDownload -->
  <testcase classname="com.affnetz.qa.test.PublicDonationTest_T1" name="isSuperAdminSeeTheDonorDetails" time="35.806"/>
  <testcase classname="com.affnetz.qa.test.PublicDonationTest_T1" name="clickOnDonateButton" time="0.0">
    <ignored/>
  </testcase> <!-- clickOnDonateButton -->
  <testcase classname="com.affnetz.qa.test.PublicDonationTest_T1" name="isPublicTributeDonorDetaiShowToSuperAdmin" time="0.0">
    <ignored/>
  </testcase> <!-- isPublicTributeDonorDetaiShowToSuperAdmin -->
  <testcase classname="com.affnetz.qa.test.PublicDonationTest_T1" name="goToPublicTributePage" time="0.0">
    <ignored/>
  </testcase> <!-- goToPublicTributePage -->
  <testcase classname="com.affnetz.qa.test.PublicDonationTest_T1" name="submitAllDetails_Tribute" time="0.0">
    <ignored/>
  </testcase> <!-- submitAllDetails_Tribute -->
  <testcase classname="com.affnetz.qa.test.PublicDonationTest_T1" name="fillAllDonorDetails_Tribute" time="0.0">
    <ignored/>
  </testcase> <!-- fillAllDonorDetails_Tribute -->
  <testcase classname="com.affnetz.qa.test.PublicDonationTest_T1" name="isDonationDone_Tribute" time="0.0">
    <ignored/>
  </testcase> <!-- isDonationDone_Tribute -->
  <testcase classname="com.affnetz.qa.test.PublicDonationTest_T1" name="setCardDetils_Tribute" time="0.0">
    <ignored/>
  </testcase> <!-- setCardDetils_Tribute -->
  <testcase classname="com.affnetz.qa.test.PublicDonationTest_T1" name="clickOneTribute" time="0.0">
    <ignored/>
  </testcase> <!-- clickOneTribute -->
  <testcase classname="com.affnetz.qa.test.PublicDonationTest_T1" name="isReciptDownload_Tribute" time="0.0">
    <ignored/>
  </testcase> <!-- isReciptDownload_Tribute -->
</testsuite> <!-- Public Donation -->
