<?xml version="1.0" encoding="UTF-8"?>
<!-- Generated by org.testng.reporters.JUnitXMLReporter -->
<testsuite ignored="0" hostname="Alekh" failures="0" tests="17" name="Public Donation" time="156.375" errors="0" timestamp="2024-03-18T16:47:44 IST">
  <testcase classname="com.affnetz.qa.test.PublicDonationTest_T1" name="launchBrowser" time="22.96"/>
  <testcase classname="com.affnetz.qa.test.PublicDonationTest_T1" name="isDonationPage" time="0.122"/>
  <testcase classname="com.affnetz.qa.test.PublicDonationTest_T1" name="fillAllDonorDetails" time="5.579"/>
  <testcase classname="com.affnetz.qa.test.PublicDonationTest_T1" name="setCardDetils" time="1.401"/>
  <testcase classname="com.affnetz.qa.test.PublicDonationTest_T1" name="submitAllDetails" time="2.239"/>
  <testcase classname="com.affnetz.qa.test.PublicDonationTest_T1" name="isDonationDone" time="10.559"/>
  <testcase classname="com.affnetz.qa.test.PublicDonationTest_T1" name="isReciptDownload" time="3.141"/>
  <testcase classname="com.affnetz.qa.test.PublicDonationTest_T1" name="isSuperAdminSeeTheDonorDetails" time="35.316"/>
  <testcase classname="com.affnetz.qa.test.PublicDonationTest_T1" name="goToPublicTributePage" time="9.626"/>
  <testcase classname="com.affnetz.qa.test.PublicDonationTest_T1" name="clickOneTribute" time="8.791"/>
  <testcase classname="com.affnetz.qa.test.PublicDonationTest_T1" name="clickOnDonateButton" time="3.008"/>
  <testcase classname="com.affnetz.qa.test.PublicDonationTest_T1" name="fillAllDonorDetails_Tribute" time="2.667"/>
  <testcase classname="com.affnetz.qa.test.PublicDonationTest_T1" name="setCardDetils_Tribute" time="0.514"/>
  <testcase classname="com.affnetz.qa.test.PublicDonationTest_T1" name="submitAllDetails_Tribute" time="2.346"/>
  <testcase classname="com.affnetz.qa.test.PublicDonationTest_T1" name="isDonationDone_Tribute" time="7.866"/>
  <testcase classname="com.affnetz.qa.test.PublicDonationTest_T1" name="isReciptDownload_Tribute" time="2.799"/>
  <testcase classname="com.affnetz.qa.test.PublicDonationTest_T1" name="isPublicTributeDonorDetaiShowToSuperAdmin" time="37.18"/>
</testsuite> <!-- Public Donation -->
