<?xml version="1.0" encoding="UTF-8"?>
<!-- Generated by org.testng.reporters.JUnitXMLReporter -->
<testsuite ignored="0" hostname="Alekh" failures="10" tests="16" name="Tribute" time="23.931" errors="0" timestamp="2024-03-18T10:58:46 IST">
  <testcase classname="com.affnetz.qa.test.PublicDonationTest_T1" name="launchBrowser" time="11.739">
    <failure type="com.microsoft.playwright.PlaywrightException" message="Error {
  message=&amp;apos;net::ERR_CERT_DATE_INVALID at https://t1.affnetz.org/donate
=========================== logs ===========================
navigating to &amp;quot;https://t1.affnetz.org/donate&amp;quot;, waiting until &amp;quot;networkidle&amp;quot;
============================================================
  name=&amp;apos;Error
  stack=&amp;apos;Error: net::ERR_CERT_DATE_INVALID at https://t1.affnetz.org/donate
=========================== logs ===========================
navigating to &amp;quot;https://t1.affnetz.org/donate&amp;quot;, waiting until &amp;quot;networkidle&amp;quot;
============================================================
    at FrameSession._navigate (C:\Users\Dell\AppData\Local\Temp\playwright-java-6625017608663716859\package\lib\server\chromium\crPage.js:590:35)
    at async C:\Users\Dell\AppData\Local\Temp\playwright-java-6625017608663716859\package\lib\server\frames.js:640:30
    at async ProgressController.run (C:\Users\Dell\AppData\Local\Temp\playwright-java-6625017608663716859\package\lib\server\progress.js:101:22)
    at async FrameDispatcher.goto (C:\Users\Dell\AppData\Local\Temp\playwright-java-6625017608663716859\package\lib\dispatchers\frameDispatcher.js:80:59)
    at async DispatcherConnection.dispatch (C:\Users\Dell\AppData\Local\Temp\playwright-java-6625017608663716859\package\lib\dispatchers\dispatcher.js:352:22)
}">
      <![CDATA[com.microsoft.playwright.PlaywrightException: Error {
  message='net::ERR_CERT_DATE_INVALID at https://t1.affnetz.org/donate
=========================== logs ===========================
navigating to "https://t1.affnetz.org/donate", waiting until "networkidle"
============================================================
  name='Error
  stack='Error: net::ERR_CERT_DATE_INVALID at https://t1.affnetz.org/donate
=========================== logs ===========================
navigating to "https://t1.affnetz.org/donate", waiting until "networkidle"
============================================================
    at FrameSession._navigate (C:\Users\Dell\AppData\Local\Temp\playwright-java-6625017608663716859\package\lib\server\chromium\crPage.js:590:35)
    at async C:\Users\Dell\AppData\Local\Temp\playwright-java-6625017608663716859\package\lib\server\frames.js:640:30
    at async ProgressController.run (C:\Users\Dell\AppData\Local\Temp\playwright-java-6625017608663716859\package\lib\server\progress.js:101:22)
    at async FrameDispatcher.goto (C:\Users\Dell\AppData\Local\Temp\playwright-java-6625017608663716859\package\lib\dispatchers\frameDispatcher.js:80:59)
    at async DispatcherConnection.dispatch (C:\Users\Dell\AppData\Local\Temp\playwright-java-6625017608663716859\package\lib\dispatchers\dispatcher.js:352:22)
}
at com.microsoft.playwright.impl.WaitableResult.get(WaitableResult.java:54)
at com.microsoft.playwright.impl.ChannelOwner.runUntil(ChannelOwner.java:103)
at com.microsoft.playwright.impl.Connection.sendMessage(Connection.java:105)
at com.microsoft.playwright.impl.ChannelOwner.sendMessage(ChannelOwner.java:94)
at com.microsoft.playwright.impl.FrameImpl.navigateImpl(FrameImpl.java:401)
at com.microsoft.playwright.impl.PageImpl.lambda$navigate$32(PageImpl.java:803)
at com.microsoft.playwright.impl.LoggingSupport.withLogging(LoggingSupport.java:47)
at com.microsoft.playwright.impl.ChannelOwner.withLogging(ChannelOwner.java:79)
at com.microsoft.playwright.impl.PageImpl.navigate(PageImpl.java:803)
at com.microsoft.playwright.impl.PageImpl.navigate(PageImpl.java:41)
at com.affnetz.qa.factory.PlayWrightFactory_T1.intitBrowser(PlayWrightFactory_T1.java:53)
at com.affnetz.qa.test.PublicDonationTest_T1.launchBrowser(PublicDonationTest_T1.java:40)
at java.base/java.util.ArrayList.forEach(ArrayList.java:1511)
Caused by: com.microsoft.playwright.impl.DriverException: Error {
  message='net::ERR_CERT_DATE_INVALID at https://t1.affnetz.org/donate
=========================== logs ===========================
navigating to "https://t1.affnetz.org/donate", waiting until "networkidle"
============================================================
  name='Error
  stack='Error: net::ERR_CERT_DATE_INVALID at https://t1.affnetz.org/donate
=========================== logs ===========================
navigating to "https://t1.affnetz.org/donate", waiting until "networkidle"
============================================================
    at FrameSession._navigate (C:\Users\Dell\AppData\Local\Temp\playwright-java-6625017608663716859\package\lib\server\chromium\crPage.js:590:35)
    at async C:\Users\Dell\AppData\Local\Temp\playwright-java-6625017608663716859\package\lib\server\frames.js:640:30
    at async ProgressController.run (C:\Users\Dell\AppData\Local\Temp\playwright-java-6625017608663716859\package\lib\server\progress.js:101:22)
    at async FrameDispatcher.goto (C:\Users\Dell\AppData\Local\Temp\playwright-java-6625017608663716859\package\lib\dispatchers\frameDispatcher.js:80:59)
    at async DispatcherConnection.dispatch (C:\Users\Dell\AppData\Local\Temp\playwright-java-6625017608663716859\package\lib\dispatchers\dispatcher.js:352:22)
}
at com.microsoft.playwright.impl.Connection.dispatch(Connection.java:183)
at com.microsoft.playwright.impl.Connection.processOneMessage(Connection.java:163)
at com.microsoft.playwright.impl.ChannelOwner.runUntil(ChannelOwner.java:101)
... 38 more
... Removed 27 stack frames]]>
    </failure>
  </testcase> <!-- launchBrowser -->
  <testcase classname="com.affnetz.qa.test.PublicDonationTest_T1" name="isDonationPage" time="0.008">
    <failure type="java.lang.NullPointerException" message="Cannot invoke &amp;quot;com.microsoft.playwright.Page.locator(String)&amp;quot; because &amp;quot;page&amp;quot; is null">
      <![CDATA[java.lang.NullPointerException: Cannot invoke "com.microsoft.playwright.Page.locator(String)" because "page" is null
at com.microsoft.playwright.impl.PageAssertionsImpl.<init>(PageAssertionsImpl.java:35)
at com.microsoft.playwright.impl.PageAssertionsImpl.<init>(PageAssertionsImpl.java:31)
at com.microsoft.playwright.assertions.PlaywrightAssertions.assertThat(PlaywrightAssertions.java:86)
at com.affnetz.qa.test.PublicDonationTest_T1.isDonationPage(PublicDonationTest_T1.java:46)
at java.base/java.util.ArrayList.forEach(ArrayList.java:1511)
... Removed 27 stack frames]]>
    </failure>
  </testcase> <!-- isDonationPage -->
  <testcase classname="com.affnetz.qa.test.PublicDonationTest_T1" name="fillAllDonorDetails" time="0.0">
    <skipped/>
  </testcase> <!-- fillAllDonorDetails -->
  <testcase classname="com.affnetz.qa.test.PublicDonationTest_T1" name="setCardDetils" time="0.0">
    <skipped/>
  </testcase> <!-- setCardDetils -->
  <testcase classname="com.affnetz.qa.test.PublicDonationTest_T1" name="submitAllDetails" time="0.0">
    <skipped/>
  </testcase> <!-- submitAllDetails -->
  <testcase classname="com.affnetz.qa.test.PublicDonationTest_T1" name="isDonationDone" time="0.001">
    <skipped/>
  </testcase> <!-- isDonationDone -->
  <testcase classname="com.affnetz.qa.test.PublicDonationTest_T1" name="isReciptDownload" time="0.0">
    <skipped/>
  </testcase> <!-- isReciptDownload -->
  <testcase classname="com.affnetz.qa.test.PublicDonationTest_T1" name="isSuperAdminSeeTheDonorDetails" time="0.001">
    <skipped/>
  </testcase> <!-- isSuperAdminSeeTheDonorDetails -->
  <testcase classname="com.affnetz.qa.test.PublicDonationTest_T1" name="goToPublicTributePage" time="5.062">
    <failure type="com.microsoft.playwright.PlaywrightException" message="Error {
  message=&amp;apos;net::ERR_CERT_DATE_INVALID at https://t1.affnetz.org/login
=========================== logs ===========================
navigating to &amp;quot;https://t1.affnetz.org/login&amp;quot;, waiting until &amp;quot;networkidle&amp;quot;
============================================================
  name=&amp;apos;Error
  stack=&amp;apos;Error: net::ERR_CERT_DATE_INVALID at https://t1.affnetz.org/login
=========================== logs ===========================
navigating to &amp;quot;https://t1.affnetz.org/login&amp;quot;, waiting until &amp;quot;networkidle&amp;quot;
============================================================
    at FrameSession._navigate (C:\Users\Dell\AppData\Local\Temp\playwright-java-6625017608663716859\package\lib\server\chromium\crPage.js:590:35)
    at async C:\Users\Dell\AppData\Local\Temp\playwright-java-6625017608663716859\package\lib\server\frames.js:640:30
    at async ProgressController.run (C:\Users\Dell\AppData\Local\Temp\playwright-java-6625017608663716859\package\lib\server\progress.js:101:22)
    at async FrameDispatcher.goto (C:\Users\Dell\AppData\Local\Temp\playwright-java-6625017608663716859\package\lib\dispatchers\frameDispatcher.js:80:59)
    at async DispatcherConnection.dispatch (C:\Users\Dell\AppData\Local\Temp\playwright-java-6625017608663716859\package\lib\dispatchers\dispatcher.js:352:22)
}">
      <![CDATA[com.microsoft.playwright.PlaywrightException: Error {
  message='net::ERR_CERT_DATE_INVALID at https://t1.affnetz.org/login
=========================== logs ===========================
navigating to "https://t1.affnetz.org/login", waiting until "networkidle"
============================================================
  name='Error
  stack='Error: net::ERR_CERT_DATE_INVALID at https://t1.affnetz.org/login
=========================== logs ===========================
navigating to "https://t1.affnetz.org/login", waiting until "networkidle"
============================================================
    at FrameSession._navigate (C:\Users\Dell\AppData\Local\Temp\playwright-java-6625017608663716859\package\lib\server\chromium\crPage.js:590:35)
    at async C:\Users\Dell\AppData\Local\Temp\playwright-java-6625017608663716859\package\lib\server\frames.js:640:30
    at async ProgressController.run (C:\Users\Dell\AppData\Local\Temp\playwright-java-6625017608663716859\package\lib\server\progress.js:101:22)
    at async FrameDispatcher.goto (C:\Users\Dell\AppData\Local\Temp\playwright-java-6625017608663716859\package\lib\dispatchers\frameDispatcher.js:80:59)
    at async DispatcherConnection.dispatch (C:\Users\Dell\AppData\Local\Temp\playwright-java-6625017608663716859\package\lib\dispatchers\dispatcher.js:352:22)
}
at com.microsoft.playwright.impl.WaitableResult.get(WaitableResult.java:54)
at com.microsoft.playwright.impl.ChannelOwner.runUntil(ChannelOwner.java:103)
at com.microsoft.playwright.impl.Connection.sendMessage(Connection.java:105)
at com.microsoft.playwright.impl.ChannelOwner.sendMessage(ChannelOwner.java:94)
at com.microsoft.playwright.impl.FrameImpl.navigateImpl(FrameImpl.java:401)
at com.microsoft.playwright.impl.PageImpl.lambda$navigate$32(PageImpl.java:803)
at com.microsoft.playwright.impl.LoggingSupport.withLogging(LoggingSupport.java:47)
at com.microsoft.playwright.impl.ChannelOwner.withLogging(ChannelOwner.java:79)
at com.microsoft.playwright.impl.PageImpl.navigate(PageImpl.java:803)
at com.microsoft.playwright.impl.PageImpl.navigate(PageImpl.java:41)
at com.affnetz.qa.factory.PlayWrightFactory_T1.intitBrowser(PlayWrightFactory_T1.java:49)
at com.affnetz.qa.test.PublicDonationTest_T1.goToPublicTributePage(PublicDonationTest_T1.java:113)
at java.base/java.util.ArrayList.forEach(ArrayList.java:1511)
Caused by: com.microsoft.playwright.impl.DriverException: Error {
  message='net::ERR_CERT_DATE_INVALID at https://t1.affnetz.org/login
=========================== logs ===========================
navigating to "https://t1.affnetz.org/login", waiting until "networkidle"
============================================================
  name='Error
  stack='Error: net::ERR_CERT_DATE_INVALID at https://t1.affnetz.org/login
=========================== logs ===========================
navigating to "https://t1.affnetz.org/login", waiting until "networkidle"
============================================================
    at FrameSession._navigate (C:\Users\Dell\AppData\Local\Temp\playwright-java-6625017608663716859\package\lib\server\chromium\crPage.js:590:35)
    at async C:\Users\Dell\AppData\Local\Temp\playwright-java-6625017608663716859\package\lib\server\frames.js:640:30
    at async ProgressController.run (C:\Users\Dell\AppData\Local\Temp\playwright-java-6625017608663716859\package\lib\server\progress.js:101:22)
    at async FrameDispatcher.goto (C:\Users\Dell\AppData\Local\Temp\playwright-java-6625017608663716859\package\lib\dispatchers\frameDispatcher.js:80:59)
    at async DispatcherConnection.dispatch (C:\Users\Dell\AppData\Local\Temp\playwright-java-6625017608663716859\package\lib\dispatchers\dispatcher.js:352:22)
}
at com.microsoft.playwright.impl.Connection.dispatch(Connection.java:183)
at com.microsoft.playwright.impl.Connection.processOneMessage(Connection.java:163)
at com.microsoft.playwright.impl.ChannelOwner.runUntil(ChannelOwner.java:101)
... 38 more
... Removed 27 stack frames]]>
    </failure>
  </testcase> <!-- goToPublicTributePage -->
  <testcase classname="com.affnetz.qa.test.PublicDonationTest_T1" name="clickOneTribute" time="0.005">
    <failure type="java.lang.NullPointerException" message="Cannot invoke &amp;quot;com.microsoft.playwright.Page.locator(String)&amp;quot; because &amp;quot;this.page&amp;quot; is null">
      <![CDATA[java.lang.NullPointerException: Cannot invoke "com.microsoft.playwright.Page.locator(String)" because "this.page" is null
at com.qa.affnetz.pages.PublicTributeRepo_T1.getTributeName(PublicTributeRepo_T1.java:23)
at com.affnetz.qa.test.PublicDonationTest_T1.clickOneTribute(PublicDonationTest_T1.java:124)
at java.base/java.util.ArrayList.forEach(ArrayList.java:1511)
... Removed 27 stack frames]]>
    </failure>
  </testcase> <!-- clickOneTribute -->
  <testcase classname="com.affnetz.qa.test.PublicDonationTest_T1" name="clickOnDonateButton" time="0.004">
    <failure type="java.lang.NullPointerException" message="Cannot invoke &amp;quot;com.microsoft.playwright.Page.locator(String)&amp;quot; because &amp;quot;this.page&amp;quot; is null">
      <![CDATA[java.lang.NullPointerException: Cannot invoke "com.microsoft.playwright.Page.locator(String)" because "this.page" is null
at com.qa.affnetz.pages.PublicTributeRepo_T1.clickOnTributeDonateButton(PublicTributeRepo_T1.java:38)
at com.affnetz.qa.test.PublicDonationTest_T1.clickOnDonateButton(PublicDonationTest_T1.java:135)
at java.base/java.util.ArrayList.forEach(ArrayList.java:1511)
... Removed 27 stack frames]]>
    </failure>
  </testcase> <!-- clickOnDonateButton -->
  <testcase classname="com.affnetz.qa.test.PublicDonationTest_T1" name="fillAllDonorDetails_Tribute" time="0.007">
    <failure type="java.lang.NullPointerException" message="Cannot invoke &amp;quot;com.microsoft.playwright.Page.fill(String, String)&amp;quot; because &amp;quot;this.page&amp;quot; is null">
      <![CDATA[java.lang.NullPointerException: Cannot invoke "com.microsoft.playwright.Page.fill(String, String)" because "this.page" is null
at com.qa.affnetz.pages.PublicTributeDonationRepo_T1.setPesonalDetails(PublicTributeDonationRepo_T1.java:73)
at com.affnetz.qa.test.PublicDonationTest_T1.fillAllDonorDetails_Tribute(PublicDonationTest_T1.java:149)
at java.base/java.util.ArrayList.forEach(ArrayList.java:1511)
... Removed 27 stack frames]]>
    </failure>
  </testcase> <!-- fillAllDonorDetails_Tribute -->
  <testcase classname="com.affnetz.qa.test.PublicDonationTest_T1" name="setCardDetils_Tribute" time="0.002">
    <failure type="java.lang.NullPointerException" message="Cannot invoke &amp;quot;com.microsoft.playwright.Page.frameLocator(String)&amp;quot; because &amp;quot;this.page&amp;quot; is null">
      <![CDATA[java.lang.NullPointerException: Cannot invoke "com.microsoft.playwright.Page.frameLocator(String)" because "this.page" is null
at com.qa.affnetz.pages.PublicTributeDonationRepo_T1.setCardDetails(PublicTributeDonationRepo_T1.java:107)
at com.affnetz.qa.test.PublicDonationTest_T1.setCardDetils_Tribute(PublicDonationTest_T1.java:158)
at java.base/java.util.ArrayList.forEach(ArrayList.java:1511)
... Removed 27 stack frames]]>
    </failure>
  </testcase> <!-- setCardDetils_Tribute -->
  <testcase classname="com.affnetz.qa.test.PublicDonationTest_T1" name="submitAllDetails_Tribute" time="2.006">
    <failure type="java.lang.NullPointerException" message="Cannot invoke &amp;quot;com.microsoft.playwright.Page.locator(String)&amp;quot; because &amp;quot;this.page&amp;quot; is null">
      <![CDATA[java.lang.NullPointerException: Cannot invoke "com.microsoft.playwright.Page.locator(String)" because "this.page" is null
at com.qa.affnetz.pages.PublicTributeDonationRepo_T1.clickOnDonate(PublicTributeDonationRepo_T1.java:116)
at com.affnetz.qa.test.PublicDonationTest_T1.submitAllDetails_Tribute(PublicDonationTest_T1.java:166)
at java.base/java.util.ArrayList.forEach(ArrayList.java:1511)
... Removed 27 stack frames]]>
    </failure>
  </testcase> <!-- submitAllDetails_Tribute -->
  <testcase classname="com.affnetz.qa.test.PublicDonationTest_T1" name="isDonationDone_Tribute" time="0.002">
    <failure type="java.lang.NullPointerException" message="Cannot invoke &amp;quot;com.microsoft.playwright.Page.locator(String)&amp;quot; because &amp;quot;this.page&amp;quot; is null">
      <![CDATA[java.lang.NullPointerException: Cannot invoke "com.microsoft.playwright.Page.locator(String)" because "this.page" is null
at com.qa.affnetz.pages.PublicTributeDonationRepo_T1.isFormSubmit(PublicTributeDonationRepo_T1.java:122)
at com.affnetz.qa.test.PublicDonationTest_T1.isDonationDone_Tribute(PublicDonationTest_T1.java:173)
at java.base/java.util.ArrayList.forEach(ArrayList.java:1511)
... Removed 27 stack frames]]>
    </failure>
  </testcase> <!-- isDonationDone_Tribute -->
  <testcase classname="com.affnetz.qa.test.PublicDonationTest_T1" name="isReciptDownload_Tribute" time="2.015">
    <failure type="java.lang.NullPointerException" message="Cannot invoke &amp;quot;com.microsoft.playwright.Page.locator(String)&amp;quot; because &amp;quot;this.page&amp;quot; is null">
      <![CDATA[java.lang.NullPointerException: Cannot invoke "com.microsoft.playwright.Page.locator(String)" because "this.page" is null
at com.qa.affnetz.pages.PublicTributeDonationRepo_T1.downloadReceipt(PublicTributeDonationRepo_T1.java:128)
at com.affnetz.qa.test.PublicDonationTest_T1.isReciptDownload_Tribute(PublicDonationTest_T1.java:181)
at java.base/java.util.ArrayList.forEach(ArrayList.java:1511)
... Removed 27 stack frames]]>
    </failure>
  </testcase> <!-- isReciptDownload_Tribute -->
</testsuite> <!-- Tribute -->
