<?xml version="1.0" encoding="UTF-8"?>
<!-- Generated by org.testng.reporters.JUnitXMLReporter -->
<testsuite ignored="0" hostname="Alekh" failures="0" tests="11" name="Default test" time="110.038" errors="0" timestamp="2024-04-02T14:46:35 IST">
  <testcase classname="com.affnetz.qa.test.ManualDonationTest" name="GoToStakeHolder" time="40.264"/>
  <testcase classname="com.affnetz.qa.test.ManualDonationTest" name="goToOneUserProfile" time="6.466"/>
  <testcase classname="com.affnetz.qa.test.ManualDonationTest" name="clickManualDonationButtonAndSelectOnrCampaign" time="6.072"/>
  <testcase classname="com.affnetz.qa.test.ManualDonationTest" name="clickOnProceedButtonAndGotToManualDonationPage" time="6.108"/>
  <testcase classname="com.affnetz.qa.test.ManualDonationTest" name="setAllDonorDetailsAndAdress" time="4.335"/>
  <testcase classname="com.affnetz.qa.test.ManualDonationTest" name="submitTheFromAndCheckDonoationisDoneOrNot" time="5.746"/>
  <testcase classname="com.affnetz.qa.test.ManualDonationTest" name="isReceiptDownload" time="7.635"/>
  <testcase classname="com.affnetz.qa.test.ManualDonationTest" name="checkThatInThatUserProfileThisDonationIsShowingOrNot" time="17.956"/>
  <testcase classname="com.affnetz.qa.test.ManualDonationTest" name="isDonorDetaisIsCorrectltStored" time="0.643"/>
  <testcase classname="com.affnetz.qa.test.ManualDonationTest" name="goToStakeHolderAndChooseOneUser_TRCammpaign" time="9.086"/>
  <testcase classname="com.affnetz.qa.test.ManualDonationTest" name="clickManualDonationButtonAndSelectOneTribute" time="5.454"/>
</testsuite> <!-- Default test -->
