<?xml version="1.0" encoding="UTF-8"?>
<!-- Generated by org.testng.reporters.JUnitXMLReporter -->
<testsuite ignored="2" hostname="Alekh" failures="0" tests="2" name="Default test" time="51.522" errors="0" timestamp="2024-03-14T15:15:41 IST">
  <testcase classname="com.affnetz.qa.test.LoginFunctionality" name="checkLoginPage" time="0.028"/>
  <testcase classname="com.affnetz.qa.test.LoginFunctionality" name="doLoginWithValidCradential" time="20.891"/>
  <testcase classname="com.affnetz.qa.test.LoginFunctionality" name="dologout" time="0.0">
    <ignored/>
  </testcase> <!-- dologout -->
  <testcase classname="com.affnetz.qa.test.LoginFunctionality" name="doLoginWithInvalidCradentilas" time="0.0">
    <ignored/>
  </testcase> <!-- doLoginWithInvalidCradentilas -->
</testsuite> <!-- Default test -->
