<?xml version="1.0" encoding="UTF-8"?>
<testng-results ignored="0" total="7" passed="7" failed="0" skipped="0">
  <reporter-output>
  </reporter-output>
  <suite started-at="2024-03-15T15:43:01 IST" name="affnetz.com" finished-at="2024-03-15T15:44:30 IST" duration-ms="89037">
    <groups>
    </groups>
    <test started-at="2024-03-15T15:43:01 IST" name="Public Donation" finished-at="2024-03-15T15:44:30 IST" duration-ms="89037">
      <class name="com.affnetz.qa.test.PublicDonationTest_T1">
        <test-method is-config="true" signature="setUp()[pri:0, instance:com.affnetz.qa.test.PublicDonationTest_T1@7ae42ce3]" started-at="2024-03-15T15:43:01 IST" name="setUp" finished-at="2024-03-15T15:43:43 IST" duration-ms="42030" status="PASS">
          <reporter-output>
          </reporter-output>
        </test-method> <!-- setUp -->
        <test-method signature="isDonationPage()[pri:0, instance:com.affnetz.qa.test.PublicDonationTest_T1@7ae42ce3]" started-at="2024-03-15T15:43:43 IST" name="isDonationPage" finished-at="2024-03-15T15:43:43 IST" duration-ms="61" status="PASS">
          <reporter-output>
          </reporter-output>
        </test-method> <!-- isDonationPage -->
        <test-method signature="fillAllDonorDetails()[pri:1, instance:com.affnetz.qa.test.PublicDonationTest_T1@7ae42ce3]" started-at="2024-03-15T15:43:43 IST" name="fillAllDonorDetails" finished-at="2024-03-15T15:43:51 IST" depends-on-methods="com.affnetz.qa.test.PublicDonationTest_T1.isDonationPage" duration-ms="7777" status="PASS">
          <reporter-output>
          </reporter-output>
        </test-method> <!-- fillAllDonorDetails -->
        <test-method signature="setCardDetils()[pri:2, instance:com.affnetz.qa.test.PublicDonationTest_T1@7ae42ce3]" started-at="2024-03-15T15:43:51 IST" name="setCardDetils" finished-at="2024-03-15T15:43:52 IST" depends-on-methods="com.affnetz.qa.test.PublicDonationTest_T1.fillAllDonorDetails" duration-ms="1050" status="PASS">
          <reporter-output>
          </reporter-output>
        </test-method> <!-- setCardDetils -->
        <test-method signature="submitAllDetails()[pri:3, instance:com.affnetz.qa.test.PublicDonationTest_T1@7ae42ce3]" started-at="2024-03-15T15:43:52 IST" name="submitAllDetails" finished-at="2024-03-15T15:43:54 IST" depends-on-methods="com.affnetz.qa.test.PublicDonationTest_T1.setCardDetils" duration-ms="2207" status="PASS">
          <reporter-output>
          </reporter-output>
        </test-method> <!-- submitAllDetails -->
        <test-method signature="isDonationDone()[pri:4, instance:com.affnetz.qa.test.PublicDonationTest_T1@7ae42ce3]" started-at="2024-03-15T15:43:54 IST" name="isDonationDone" finished-at="2024-03-15T15:44:05 IST" depends-on-methods="com.affnetz.qa.test.PublicDonationTest_T1.submitAllDetails" duration-ms="10829" status="PASS">
          <reporter-output>
          </reporter-output>
        </test-method> <!-- isDonationDone -->
        <test-method signature="isReciptDownload()[pri:5, instance:com.affnetz.qa.test.PublicDonationTest_T1@7ae42ce3]" started-at="2024-03-15T15:44:05 IST" name="isReciptDownload" finished-at="2024-03-15T15:44:09 IST" depends-on-methods="com.affnetz.qa.test.PublicDonationTest_T1.isDonationDone" duration-ms="3265" status="PASS">
          <reporter-output>
          </reporter-output>
        </test-method> <!-- isReciptDownload -->
        <test-method signature="isSuperAdminSeeTheDonorDetails()[pri:6, instance:com.affnetz.qa.test.PublicDonationTest_T1@7ae42ce3]" started-at="2024-03-15T15:44:09 IST" name="isSuperAdminSeeTheDonorDetails" finished-at="2024-03-15T15:44:30 IST" depends-on-methods="com.affnetz.qa.test.PublicDonationTest_T1.isDonationDone" duration-ms="21617" status="PASS">
          <reporter-output>
          </reporter-output>
        </test-method> <!-- isSuperAdminSeeTheDonorDetails -->
      </class> <!-- com.affnetz.qa.test.PublicDonationTest_T1 -->
    </test> <!-- Public Donation -->
  </suite> <!-- affnetz.com -->
</testng-results>
