<?xml version="1.0" encoding="UTF-8"?>
<!-- Generated by org.testng.reporters.JUnitXMLReporter -->
<testsuite ignored="0" hostname="Alekh" failures="0" tests="8" name="LoginFunction" time="48.847" errors="0" timestamp="2024-04-04T17:00:39 IST">
  <testcase classname="com.affnetz.qa.test.Logintest" name="checkLoginPage" time="0.07"/>
  <testcase classname="com.affnetz.qa.test.Logintest" name="doLoginWithValidCradential" time="9.738"/>
  <testcase classname="com.affnetz.qa.test.Logintest" name="dologout" time="13.346"/>
  <testcase classname="com.affnetz.qa.test.Logintest" name="doLoginWithInvalidCradentilas" time="2.46"/>
  <testcase classname="com.affnetz.qa.test.Logintest" name="doLoginWithInvalidCradentilas" time="2.898"/>
  <testcase classname="com.affnetz.qa.test.Logintest" name="doLoginWithInvalidCradentilas" time="0.332"/>
  <testcase classname="com.affnetz.qa.test.Logintest" name="doLoginWithInvalidCradentilas" time="0.307"/>
  <testcase classname="com.affnetz.qa.test.Logintest" name="doLoginWithInvalidCradentilas" time="0.15"/>
</testsuite> <!-- LoginFunction -->
